<?xml version="1.0" encoding="UTF-8"?>
<!-- Generated by org.testng.reporters.JUnitXMLReporter -->
<testsuite ignored="0" hostname="shari" failures="1" tests="1" name="testng" time="0.047" errors="0" timestamp="2024-04-29T16:55:04 IST">
  <testcase classname="Testng.Parameter" name="login" time="0.0">
    <failure type="org.testng.TestNGException" message="
Parameter &amp;apos;pass&amp;apos; is required by @Test on method login but has not been marked @Optional or defined
in C:\Users\shari\eclipse-workspace\newlyAdded\Frameworks\src\test\resources\parameter.xml">
      <![CDATA[org.testng.TestNGException: 
Parameter 'pass' is required by @Test on method login but has not been marked @Optional or defined
in C:\Users\shari\eclipse-workspace\newlyAdded\Frameworks\src\test\resources\parameter.xml
at java.base/java.util.ArrayList.forEach(ArrayList.java:1511)
... Removed 26 stack frames]]>
    </failure>
  </testcase> <!-- login -->
</testsuite> <!-- testng -->
