<?xml version="1.0" encoding="UTF-8"?>
<!-- Generated by org.testng.reporters.JUnitXMLReporter -->
<testsuite ignored="0" hostname="shari" failures="1" tests="1" name="cromebrowser" time="0.03" errors="0" timestamp="2024-04-30T13:49:01 IST">
  <testcase classname="Testng.CrossBrowser" name="test" time="0.0">
    <failure type="org.testng.TestNGException" message="
Parameter &amp;apos;pwd&amp;apos; is required by @Test on method test but has not been marked @Optional or defined
in C:\Users\shari\eclipse-workspace\newlyAdded\Frameworks\src\test\resources\Crossbrowser.xml">
      <![CDATA[org.testng.TestNGException: 
Parameter 'pwd' is required by @Test on method test but has not been marked @Optional or defined
in C:\Users\shari\eclipse-workspace\newlyAdded\Frameworks\src\test\resources\Crossbrowser.xml
at java.base/java.util.ArrayList.forEach(ArrayList.java:1511)
... Removed 26 stack frames]]>
    </failure>
  </testcase> <!-- test -->
</testsuite> <!-- cromebrowser -->
